3
99
76 82
15 41
76 89
10 37
30 99
20 77
56 63
20 80
56 65
20 90
66 99
61 89
67 87
36 39
56 89
41 54
41 60
56 98
56 99
46 84
31 56
6 12
21 56
11 39
6 43
16 75
37 39
57 99
37 52
37 56
1 75
6 89
37 74
83 84
88 97
42 91
7 14
78 91
37 96
37 97
27 76
68 87
91 97
0 76
84 89
32 84
17 89
26 91
48 84
53 97
89 95
38 76
2 97
18 41
33 84
28 76
44 91
13 50
41 51
69 91
23 84
8 50
50 92
20 22
39 47
59 99
49 76
5 76
39 79
14 20
39 81
3 99
39 87
14 37
14 40
14 41
70 75
75 89
75 93
14 50
9 39
14 58
29 99
24 89
19 89
50 62
50 64
41 72
14 85
50 71
55 87
45 75
35 56
50 94
4 91
25 41
20 34
86 91
73 99
99
40 98
76 91
76 94
15 51
20 72
10 49
20 77
71 98
51 56
20 87
46 51
20 93
0 53
61 98
5 76
26 28
51 90
29 86
11 13
87 97
11 18
11 21
1 6
16 44
1 11
11 44
11 47
82 98
31 98
11 54
62 81
62 84
1 41
11 66
1 76
32 51
22 28
17 28
7 14
73 76
2 20
27 81
68 81
12 51
58 62
53 57
27 99
53 83
53 88
28 35
28 36
28 37
33 53
28 42
18 20
23 34
44 85
48 98
28 55
38 81
74 76
18 49
8 28
3 20
18 67
18 70
52 62
69 98
49 51
44 45
49 64
28 76
44 62
34 75
29 39
34 53
28 80
34 60
29 49
34 63
44 92
29 59
14 25
14 27
34 79
34 81
34 89
14 43
34 95
19 62
24 76
65 76
50 51
14 78
4 62
96 98
9 98
30 53
34 98
99
35 93
61 64
71 96
5 46
46 50
46 59
10 79
0 96
46 79
46 88
41 79
36 74
21 44
21 46
1 2
21 56
26 74
21 72
8 74
62 74
57 67
21 86
21 92
47 57
16 88
57 89
57 90
11 87
37 49
52 87
17 21
88 94
2 3
2 4
2 6
22 67
63 64
12 46
73 96
2 29
2 32
2 33
2 39
2 49
43 46
7 64
58 96
4 74
48 96
28 49
38 74
2 96
18 35
64 66
64 68
64 69
69 83
64 74
69 87
64 80
64 82
69 95
13 64
69 97
49 55
23 96
49 70
54 87
29 34
85 96
34 57
80 84
24 57
80 91
4 15
29 77
34 98
4 27
4 31
60 67
14 64
65 88
19 88
4 53
9 67
45 57
40 46
35 42
35 46
4 75
4 76
35 49
35 51
4 81
57 99
25 57
20 35
35 78
30 69
