3
1
0 1
2
3 4
2 4
99
99 98
99 97
99 96
99 95
99 94
99 93
99 92
99 91
99 90
99 89
99 88
99 87
99 86
99 85
99 84
99 83
99 82
99 81
99 80
99 79
99 78
99 77
99 76
99 75
99 74
99 73
99 72
99 71
99 70
99 69
99 68
99 67
99 66
99 65
99 64
99 63
99 62
99 61
99 60
99 59
99 58
99 57
99 56
99 55
99 54
99 53
99 52
99 51
99 50
99 49
99 48
99 47
99 46
99 45
99 44
99 43
99 42
99 41
99 40
99 39
99 38
99 37
99 36
99 35
99 34
99 33
99 32
99 31
99 30
99 29
99 28
99 27
99 26
99 25
99 24
99 23
99 22
99 21
99 20
99 19
99 18
99 17
99 16
99 15
99 14
99 13
99 12
99 11
99 10
99 9
99 8
99 7
99 6
99 5
99 4
99 3
99 2
99 1
99 0
